<?xml version="1.0" encoding="UTF-8"?>
<testsuite xmlns:xsi="http://www.w3.org/2001/XMLSchema-instance" xsi:noNamespaceSchemaLocation="https://maven.apache.org/surefire/maven-surefire-plugin/xsd/surefire-test-report-3.0.xsd" version="3.0" name="com.compiler.TokenizerTest" time="0.139" tests="20" errors="0" skipped="0" failures="0">
  <properties>
[...]
</properties>
  <testcase name="testMixedAlphanumeric" classname="com.compiler.TokenizerTest" time="0.03"/>
  <testcase name="testEmptyInput" classname="com.compiler.TokenizerTest" time="0.003"/>
  <testcase name="testTokenCountVariations(String, int)[1]" classname="com.compiler.TokenizerTest" time="0.011"/>
  <testcase name="testTokenCountVariations(String, int)[2]" classname="com.compiler.TokenizerTest" time="0.005"/>
  <testcase name="testTokenCountVariations(String, int)[3]" classname="com.compiler.TokenizerTest" time="0.005"/>
  <testcase name="testTokenCountVariations(String, int)[4]" classname="com.compiler.TokenizerTest" time="0.004"/>
  <testcase name="testTokenCountVariations(String, int)[5]" classname="com.compiler.TokenizerTest" time="0.004"/>
  <testcase name="testKleeneStarOperator" classname="com.compiler.TokenizerTest" time="0.002"/>
  <testcase name="testBasicTokenization" classname="com.compiler.TokenizerTest" time="0.003"/>
  <testcase name="testWhitespaceHandling" classname="com.compiler.TokenizerTest" time="0.002"/>
  <testcase name="testAlternationBasic" classname="com.compiler.TokenizerTest" time="0.004"/>
  <testcase name="testPriorityOrdering" classname="com.compiler.TokenizerTest" time="0.002"/>
  <testcase name="testErrorHandling" classname="com.compiler.TokenizerTest" time="0.019"/>
  <testcase name="testTokenValueConsistency" classname="com.compiler.TokenizerTest" time="0.002"/>
  <testcase name="testMultipleConsecutiveTokens" classname="com.compiler.TokenizerTest" time="0.002"/>
  <testcase name="testLargeInput" classname="com.compiler.TokenizerTest" time="0.003"/>
  <testcase name="testComplexPattern" classname="com.compiler.TokenizerTest" time="0.003"/>
  <testcase name="testOptionalOperator" classname="com.compiler.TokenizerTest" time="0.002"/>
  <testcase name="testLongestMatchStrategy" classname="com.compiler.TokenizerTest" time="0.004"/>
  <testcase name="testSingleCharacterInput" classname="com.compiler.TokenizerTest" time="0.001"/>
</testsuite>